<?xml version="1.0" encoding="UTF-8"?>
<testng-results skipped="0" failed="2" ignored="0" total="2" passed="0">
  <reporter-output>
  </reporter-output>
  <suite name="Default suite" duration-ms="5536" started-at="2019-11-16T22:41:04Z" finished-at="2019-11-16T22:41:09Z">
    <groups>
    </groups>
    <test name="Default test" duration-ms="5536" started-at="2019-11-16T22:41:04Z" finished-at="2019-11-16T22:41:09Z">
      <class name="com.sample.test.demo.tests.TC_03_ValidatingPaymentFunctionality">
        <test-method status="PASS" signature="init()[pri:0, instance:com.sample.test.demo.tests.TC_03_ValidatingPaymentFunctionality@5702b3b1]" name="init" is-config="true" duration-ms="3190" started-at="2019-11-16T22:41:04Z" finished-at="2019-11-16T22:41:07Z">
          <reporter-output>
          </reporter-output>
        </test-method> <!-- init -->
        <test-method status="PASS" signature="start()[pri:0, instance:com.sample.test.demo.tests.TC_03_ValidatingPaymentFunctionality@5702b3b1]" name="start" is-config="true" duration-ms="9" started-at="2019-11-16T22:41:07Z" finished-at="2019-11-16T22:41:07Z">
          <reporter-output>
          </reporter-output>
        </test-method> <!-- start -->
        <test-method status="FAIL" signature="TC_03_ValidatingPaymentFunctionalityByNotSelectingAnyOfThePayments()[pri:0, instance:com.sample.test.demo.tests.TC_03_ValidatingPaymentFunctionality@5702b3b1]" name="TC_03_ValidatingPaymentFunctionalityByNotSelectingAnyOfThePayments" duration-ms="1109" started-at="2019-11-16T22:41:07Z" finished-at="2019-11-16T22:41:08Z">
          <exception class="java.lang.AssertionError">
            <message>
              <![CDATA[Please choose one of the payment from the option list]]>
            </message>
            <full-stacktrace>
              <![CDATA[java.lang.AssertionError: Please choose one of the payment from the option list
at org.testng.Assert.fail(Assert.java:96)
at org.testng.Assert.assertNotEquals(Assert.java:1157)
at com.sample.test.demo.tests.TC_03_ValidatingPaymentFunctionality.TC_03_ValidatingPaymentFunctionalityByNotSelectingAnyOfThePayments(TC_03_ValidatingPaymentFunctionality.java:77)
at sun.reflect.NativeMethodAccessorImpl.invoke0(Native Method)
at sun.reflect.NativeMethodAccessorImpl.invoke(NativeMethodAccessorImpl.java:62)
at sun.reflect.DelegatingMethodAccessorImpl.invoke(DelegatingMethodAccessorImpl.java:43)
at java.lang.reflect.Method.invoke(Method.java:498)
at org.testng.internal.MethodInvocationHelper.invokeMethod(MethodInvocationHelper.java:124)
at org.testng.internal.Invoker.invokeMethod(Invoker.java:583)
at org.testng.internal.Invoker.invokeTestMethod(Invoker.java:719)
at org.testng.internal.Invoker.invokeTestMethods(Invoker.java:989)
at org.testng.internal.TestMethodWorker.invokeTestMethods(TestMethodWorker.java:125)
at org.testng.internal.TestMethodWorker.run(TestMethodWorker.java:109)
at org.testng.TestRunner.privateRun(TestRunner.java:648)
at org.testng.TestRunner.run(TestRunner.java:505)
at org.testng.SuiteRunner.runTest(SuiteRunner.java:455)
at org.testng.SuiteRunner.runSequentially(SuiteRunner.java:450)
at org.testng.SuiteRunner.privateRun(SuiteRunner.java:415)
at org.testng.SuiteRunner.run(SuiteRunner.java:364)
at org.testng.SuiteRunnerWorker.runSuite(SuiteRunnerWorker.java:52)
at org.testng.SuiteRunnerWorker.run(SuiteRunnerWorker.java:84)
at org.testng.TestNG.runSuitesSequentially(TestNG.java:1208)
at org.testng.TestNG.runSuitesLocally(TestNG.java:1137)
at org.testng.TestNG.runSuites(TestNG.java:1049)
at org.testng.TestNG.run(TestNG.java:1017)
at org.testng.remote.AbstractRemoteTestNG.run(AbstractRemoteTestNG.java:115)
at org.testng.remote.RemoteTestNG.initAndRun(RemoteTestNG.java:251)
at org.testng.remote.RemoteTestNG.main(RemoteTestNG.java:77)
]]>
            </full-stacktrace>
          </exception> <!-- java.lang.AssertionError -->
          <reporter-output>
          </reporter-output>
        </test-method> <!-- TC_03_ValidatingPaymentFunctionalityByNotSelectingAnyOfThePayments -->
        <test-method status="FAIL" signature="TC_03_ValidatingPaymentFunctionalityBySelectingBothPayments()[pri:0, instance:com.sample.test.demo.tests.TC_03_ValidatingPaymentFunctionality@5702b3b1]" name="TC_03_ValidatingPaymentFunctionalityBySelectingBothPayments" duration-ms="977" started-at="2019-11-16T22:41:08Z" finished-at="2019-11-16T22:41:09Z">
          <exception class="java.lang.AssertionError">
            <message>
              <![CDATA[Both payments can not be selected]]>
            </message>
            <full-stacktrace>
              <![CDATA[java.lang.AssertionError: Both payments can not be selected
at org.testng.Assert.fail(Assert.java:96)
at org.testng.Assert.assertNotEquals(Assert.java:1157)
at com.sample.test.demo.tests.TC_03_ValidatingPaymentFunctionality.TC_03_ValidatingPaymentFunctionalityBySelectingBothPayments(TC_03_ValidatingPaymentFunctionality.java:56)
at sun.reflect.NativeMethodAccessorImpl.invoke0(Native Method)
at sun.reflect.NativeMethodAccessorImpl.invoke(NativeMethodAccessorImpl.java:62)
at sun.reflect.DelegatingMethodAccessorImpl.invoke(DelegatingMethodAccessorImpl.java:43)
at java.lang.reflect.Method.invoke(Method.java:498)
at org.testng.internal.MethodInvocationHelper.invokeMethod(MethodInvocationHelper.java:124)
at org.testng.internal.Invoker.invokeMethod(Invoker.java:583)
at org.testng.internal.Invoker.invokeTestMethod(Invoker.java:719)
at org.testng.internal.Invoker.invokeTestMethods(Invoker.java:989)
at org.testng.internal.TestMethodWorker.invokeTestMethods(TestMethodWorker.java:125)
at org.testng.internal.TestMethodWorker.run(TestMethodWorker.java:109)
at org.testng.TestRunner.privateRun(TestRunner.java:648)
at org.testng.TestRunner.run(TestRunner.java:505)
at org.testng.SuiteRunner.runTest(SuiteRunner.java:455)
at org.testng.SuiteRunner.runSequentially(SuiteRunner.java:450)
at org.testng.SuiteRunner.privateRun(SuiteRunner.java:415)
at org.testng.SuiteRunner.run(SuiteRunner.java:364)
at org.testng.SuiteRunnerWorker.runSuite(SuiteRunnerWorker.java:52)
at org.testng.SuiteRunnerWorker.run(SuiteRunnerWorker.java:84)
at org.testng.TestNG.runSuitesSequentially(TestNG.java:1208)
at org.testng.TestNG.runSuitesLocally(TestNG.java:1137)
at org.testng.TestNG.runSuites(TestNG.java:1049)
at org.testng.TestNG.run(TestNG.java:1017)
at org.testng.remote.AbstractRemoteTestNG.run(AbstractRemoteTestNG.java:115)
at org.testng.remote.RemoteTestNG.initAndRun(RemoteTestNG.java:251)
at org.testng.remote.RemoteTestNG.main(RemoteTestNG.java:77)
]]>
            </full-stacktrace>
          </exception> <!-- java.lang.AssertionError -->
          <reporter-output>
          </reporter-output>
        </test-method> <!-- TC_03_ValidatingPaymentFunctionalityBySelectingBothPayments -->
        <test-method status="PASS" signature="tearDown()[pri:0, instance:com.sample.test.demo.tests.TC_03_ValidatingPaymentFunctionality@5702b3b1]" name="tearDown" is-config="true" duration-ms="218" started-at="2019-11-16T22:41:09Z" finished-at="2019-11-16T22:41:09Z">
          <reporter-output>
          </reporter-output>
        </test-method> <!-- tearDown -->
      </class> <!-- com.sample.test.demo.tests.TC_03_ValidatingPaymentFunctionality -->
    </test> <!-- Default test -->
  </suite> <!-- Default suite -->
</testng-results>
